2025-05-26 13:42:10:4210 - !File found, reading line!
2025-05-26 13:42:10:4210 - !-------------!
2025-06-15 16:52:16:5216 - !File found, reading line!
2025-06-15 16:52:16:5216 - !-------------!
2025-06-15 16:53:41:5341 - Hotkey triggered!
2025-06-15 16:53:41:5341 - !-------------------!
2025-06-15 16:53:42:5342 - Converted PID:12168 to name: V:\Programs\FL Studio 21\FL64.exe
2025-06-15 16:53:49:5349 - Hotkey triggered!
2025-06-15 16:53:49:5349 - !-------------------!
2025-06-15 16:53:51:5351 - Converted PID:12168 to name: V:\Programs\FL Studio 21\FL64.exe
2025-06-15 16:54:00:540 - Hotkey triggered!
2025-06-15 16:54:00:540 - !-------------------!
2025-06-15 16:54:02:542 - Converted PID:12168 to name: V:\Programs\FL Studio 21\FL64.exe
2025-06-15 16:58:25:5825 - !File found, reading line!
2025-06-15 16:58:25:5825 - !-------------!
2025-06-15 16:58:34:5834 - Hotkey triggered!
2025-06-15 16:58:34:5834 - !-------------------!
2025-06-15 16:58:36:5836 - Converted PID:12168 to name: V:\Programs\FL Studio 21\FL64.exe
2025-06-15 16:59:03:593 - Hotkey triggered!
2025-06-15 16:59:03:593 - !-------------------!
2025-06-15 16:59:04:594 - Converted PID:19852 to name: C:\Program Files\Google\Chrome\Application\chrome.exe
2025-06-15 16:59:20:5920 - Hotkey triggered!
2025-06-15 16:59:20:5920 - !-------------------!
2025-06-15 16:59:22:5922 - Converted PID:19852 to name: C:\Program Files\Google\Chrome\Application\chrome.exe
